\BOOKMARK [1][-]{Rfn.AddBeringStrait.1}{AddBeringStrait}{}% 1
\BOOKMARK [1][-]{Rfn.AddShift.1}{AddShift}{}% 2
\BOOKMARK [1][-]{Rfn.AddSnakeBarriers.1}{AddSnakeBarriers}{}% 3
\BOOKMARK [1][-]{Rfn.CardinalDirections.1}{CardinalDirections}{}% 4
\BOOKMARK [1][-]{Rfn.DefineParameters.1}{DefineParameters}{}% 5
\BOOKMARK [1][-]{Rfn.GeneratePhonemeProbabilities.1}{GeneratePhonemeProbabilities}{}% 6
\BOOKMARK [1][-]{Rfn.GenerateSeedLanguage.1}{GenerateSeedLanguage}{}% 7
\BOOKMARK [1][-]{Rfn.GetFactorDim.1}{GetFactorDim}{}% 8
\BOOKMARK [1][-]{Rfn.GetRealPhonemeData.1}{GetRealPhonemeData}{}% 9
\BOOKMARK [1][-]{Rfn.HCBSimmulation.1}{HCBSimmulation}{}% 10
\BOOKMARK [1][-]{Rfn.HoritontalTransferRepeater.1}{HoritontalTransferRepeater}{}% 11
\BOOKMARK [1][-]{Rfn.HorizontalTransfer.1}{HorizontalTransfer}{}% 12
\BOOKMARK [1][-]{Rfn.Initialize.1}{Initialize}{}% 13
\BOOKMARK [1][-]{Rfn.Lose.1}{Lose}{}% 14
\BOOKMARK [1][-]{Rfn.NextStepDirections.1}{NextStepDirections}{}% 15
\BOOKMARK [1][-]{Rfn.OneStepDirections.1}{OneStepDirections}{}% 16
\BOOKMARK [1][-]{Rfn.RemoveHorizontalConnections.1}{RemoveHorizontalConnections}{}% 17
\BOOKMARK [1][-]{Rfn.RemoveVerticalConnections.1}{RemoveVerticalConnections}{}% 18
\BOOKMARK [1][-]{Rfn.ShiftDirections.1}{ShiftDirections}{}% 19
\BOOKMARK [1][-]{Rfn.StepDirections.1}{StepDirections}{}% 20
\BOOKMARK [0][-]{index.0}{Index}{}% 21
